<?xml version="1.0" encoding="UTF-8"?>
<!-- Generated by org.testng.reporters.JUnitReportReporter -->
<testsuite hostname="Daytona" failures="0" tests="1" name="com.inetBanking.testCases.AddCustomer_TC_001" time="25.348" errors="0" timestamp="2021-07-10T09:55:14 IST" skipped="0">
  <testcase classname="com.inetBanking.testCases.AddCustomer_TC_001" name="addNewCustomer" time="25.348"/>
  <system-out/>
</testsuite> <!-- com.inetBanking.testCases.AddCustomer_TC_001 -->
