<?xml version="1.0" encoding="UTF-8"?>
<!-- Generated by org.testng.reporters.JUnitReportReporter -->
<testsuite hostname="Daytona" failures="0" tests="1" name="com.inetBanking.testCases.Login_TC_001" time="8.672" errors="0" timestamp="2021-07-11T19:09:47 IST" skipped="0">
  <testcase classname="com.inetBanking.testCases.Login_TC_001" name="loginTest" time="8.672"/>
  <system-out/>
</testsuite> <!-- com.inetBanking.testCases.Login_TC_001 -->
